<?xml version="1.0" encoding="UTF-8"?>
<!-- Generated by org.testng.reporters.JUnitXMLReporter -->
<testsuite hostname="ANZPC-JLFBH32" name="Default test" tests="5" failures="0" timestamp="18 Jul 2016 05:39:01 GMT" time="0.025" errors="0">
  <testcase name="Test1" time="0.008" classname="com.Tests.Tests2"/>
  <testcase name="Test2" time="0.0" classname="com.Tests.Tests2"/>
  <testcase name="Test3" time="0.001" classname="com.Tests.Tests2"/>
  <testcase name="Test4" time="0.001" classname="com.Tests.Tests2"/>
  <testcase name="Test5" time="0.0" classname="com.Tests.Tests2"/>
</testsuite> <!-- Default test -->
