<?xml version="1.0" encoding="UTF-8"?>
<testsuite name="TestNG-Vanila-Project"
           tests="10"
           failures="0"
           errors="0"
           skipped="0"
           time="0.013">
  <properties />
  
  
            <testcase name="testServer" time="0.000" classname="com.Tests.WebTest" />
                <testcase name="testServer" time="0.001" classname="com.Tests.WebTest" />
                <testcase name="testServer" time="0.001" classname="com.Tests.WebTest" />
                <testcase name="testServer" time="0.008" classname="com.Tests.WebTest" />
                <testcase name="testServer" time="0.001" classname="com.Tests.WebTest" />
                <testcase name="testServer" time="0.001" classname="com.Tests.WebTest" />
                <testcase name="testServer" time="0.001" classname="com.Tests.WebTest" />
                <testcase name="testServer" time="0.000" classname="com.Tests.WebTest" />
                <testcase name="testServer" time="0.000" classname="com.Tests.WebTest" />
                <testcase name="testServer" time="0.000" classname="com.Tests.WebTest" />
      
</testsuite>
