<?xml version="1.0" encoding="UTF-8"?>
<testng-results skipped="0" failed="0" total="5" passed="5">
  <reporter-output>
  </reporter-output>
  <suite name="Default suite" duration-ms="25" started-at="2016-07-18T05:39:01Z" finished-at="2016-07-18T05:39:01Z">
    <groups>
    </groups>
    <test name="Default test" duration-ms="25" started-at="2016-07-18T05:39:01Z" finished-at="2016-07-18T05:39:01Z">
      <class name="com.Tests.Tests2">
        <test-method status="PASS" signature="Test1()[pri:0, instance:com.Tests.Tests2@2ef9b8bc]" name="Test1" duration-ms="8" started-at="2016-07-18T15:39:01Z" finished-at="2016-07-18T15:39:01Z">
          <reporter-output>
          </reporter-output>
        </test-method> <!-- Test1 -->
        <test-method status="PASS" signature="afterMethod(org.testng.ITestResult)[pri:0, instance:com.Tests.Tests2@2ef9b8bc]" name="afterMethod" is-config="true" duration-ms="1" started-at="2016-07-18T15:39:01Z" finished-at="2016-07-18T15:39:01Z">
          <params>
            <param index="0">
              <value>
                <![CDATA[[TestResult name=Test1 status=SUCCESS method=Tests2.Test1()[pri:0, instance:com.Tests.Tests2@2ef9b8bc] output={null}]]]>
              </value>
            </param>
          </params>
          <reporter-output>
          </reporter-output>
        </test-method> <!-- afterMethod -->
        <test-method status="PASS" signature="Test2()[pri:0, instance:com.Tests.Tests2@2ef9b8bc]" name="Test2" duration-ms="0" started-at="2016-07-18T15:39:01Z" finished-at="2016-07-18T15:39:01Z">
          <reporter-output>
          </reporter-output>
        </test-method> <!-- Test2 -->
        <test-method status="PASS" signature="Test3()[pri:0, instance:com.Tests.Tests2@2ef9b8bc]" name="Test3" duration-ms="1" started-at="2016-07-18T15:39:01Z" finished-at="2016-07-18T15:39:01Z">
          <reporter-output>
          </reporter-output>
        </test-method> <!-- Test3 -->
        <test-method status="PASS" signature="afterMethod(org.testng.ITestResult)[pri:0, instance:com.Tests.Tests2@2ef9b8bc]" name="afterMethod" is-config="true" duration-ms="0" started-at="2016-07-18T15:39:01Z" finished-at="2016-07-18T15:39:01Z">
          <params>
            <param index="0">
              <value>
                <![CDATA[[TestResult name=Test2 status=SUCCESS method=Tests2.Test2()[pri:0, instance:com.Tests.Tests2@2ef9b8bc] output={null}]]]>
              </value>
            </param>
          </params>
          <reporter-output>
          </reporter-output>
        </test-method> <!-- afterMethod -->
        <test-method status="PASS" signature="afterMethod(org.testng.ITestResult)[pri:0, instance:com.Tests.Tests2@2ef9b8bc]" name="afterMethod" is-config="true" duration-ms="0" started-at="2016-07-18T15:39:01Z" finished-at="2016-07-18T15:39:01Z">
          <params>
            <param index="0">
              <value>
                <![CDATA[[TestResult name=Test3 status=SUCCESS method=Tests2.Test3()[pri:0, instance:com.Tests.Tests2@2ef9b8bc] output={null}]]]>
              </value>
            </param>
          </params>
          <reporter-output>
          </reporter-output>
        </test-method> <!-- afterMethod -->
        <test-method status="PASS" signature="Test4()[pri:0, instance:com.Tests.Tests2@2ef9b8bc]" name="Test4" duration-ms="1" started-at="2016-07-18T15:39:01Z" finished-at="2016-07-18T15:39:01Z">
          <reporter-output>
          </reporter-output>
        </test-method> <!-- Test4 -->
        <test-method status="PASS" signature="afterMethod(org.testng.ITestResult)[pri:0, instance:com.Tests.Tests2@2ef9b8bc]" name="afterMethod" is-config="true" duration-ms="0" started-at="2016-07-18T15:39:01Z" finished-at="2016-07-18T15:39:01Z">
          <params>
            <param index="0">
              <value>
                <![CDATA[[TestResult name=Test4 status=SUCCESS method=Tests2.Test4()[pri:0, instance:com.Tests.Tests2@2ef9b8bc] output={null}]]]>
              </value>
            </param>
          </params>
          <reporter-output>
          </reporter-output>
        </test-method> <!-- afterMethod -->
        <test-method status="PASS" signature="Test5()[pri:0, instance:com.Tests.Tests2@2ef9b8bc]" name="Test5" duration-ms="0" started-at="2016-07-18T15:39:01Z" finished-at="2016-07-18T15:39:01Z">
          <reporter-output>
          </reporter-output>
        </test-method> <!-- Test5 -->
        <test-method status="PASS" signature="afterMethod(org.testng.ITestResult)[pri:0, instance:com.Tests.Tests2@2ef9b8bc]" name="afterMethod" is-config="true" duration-ms="0" started-at="2016-07-18T15:39:01Z" finished-at="2016-07-18T15:39:01Z">
          <params>
            <param index="0">
              <value>
                <![CDATA[[TestResult name=Test5 status=SUCCESS method=Tests2.Test5()[pri:0, instance:com.Tests.Tests2@2ef9b8bc] output={null}]]]>
              </value>
            </param>
          </params>
          <reporter-output>
          </reporter-output>
        </test-method> <!-- afterMethod -->
      </class> <!-- com.Tests.Tests2 -->
    </test> <!-- Default test -->
  </suite> <!-- Default suite -->
</testng-results>
